AndroLua/app/build/intermediates/proguard-rules/release/aapt_rules.txt
# Referenced at full/release/AndroidManifest.xml:21
-keep class sk.kottman.androlua.Main { <init>(...); }