AndroLua/app/build/outputs/mapping/release/seeds.txt
sk.kottman.androlua.Main
sk.kottman.androlua.Main: Main()
sk.kottman.androlua.Main: void onClick(android.view.View)
sk.kottman.androlua.R$drawable: int icon
sk.kottman.androlua.R$id: int executeBtn
sk.kottman.androlua.R$id: int source
sk.kottman.androlua.R$id: int statusText
sk.kottman.androlua.R$layout: int main
sk.kottman.androlua.R$string: int app_name
sk.kottman.androlua.R$string: int hello
...
org.keplerproject.luajava.LuaState
org.keplerproject.luajava.LuaState: org.keplerproject.luajava.CPtr _open()
org.keplerproject.luajava.LuaState: void _close(org.keplerproject.luajava.CPtr)
org.keplerproject.luajava.LuaState: org.keplerproject.luajava.CPtr _newthread(org.keplerproject.luajava.CPtr)
org.keplerproject.luajava.LuaState: int _getTop(org.keplerproject.luajava.CPtr)
org.keplerproject.luajava.LuaState: void _setTop(org.keplerproject.luajava.CPtr,int)
org.keplerproject.luajava.LuaState: void _pushValue(org.keplerproject.luajava.CPtr,int)
org.keplerproject.luajava.LuaState: void _remove(org.keplerproject.luajava.CPtr,int)
org.keplerproject.luajava.LuaState: void _insert(org.keplerproject.luajava.CPtr,int)
org.keplerproject.luajava.LuaState: void _replace(org.keplerproject.luajava.CPtr,int)
org.keplerproject.luajava.LuaState: int _checkStack(org.keplerproject.luajava.CPtr,int)
org.keplerproject.luajava.LuaState: void _xmove(org.keplerproject.luajava.CPtr,org.keplerproject.luajava.CPtr,int)
org.keplerproject.luajava.LuaState: int _isNumber(org.keplerproject.luajava.CPtr,int)
org.keplerproject.luajava.LuaState: int _isString(org.keplerproject.luajava.CPtr,int)
org.keplerproject.luajava.LuaState: int _isCFunction(org.keplerproject.luajava.CPtr,int)
org.keplerproject.luajava.LuaState: int _isUserdata(org.keplerproject.luajava.CPtr,int)
org.keplerproject.luajava.LuaState: int _type(org.keplerproject.luajava.CPtr,int)