AndroLua/app/build/outputs/mapping/release/usage.txt
sk.kottman.androlua.BuildConfig
sk.kottman.androlua.Main:
    private static final int LISTEN_PORT
    42:48:private static byte[] readAll(java.io.InputStream)
    25:25:static synthetic byte[] access$000(java.io.InputStream)
sk.kottman.androlua.Main$1:
    79:98:public int execute()
sk.kottman.androlua.Main$2:
    106:118:public int execute()
sk.kottman.androlua.R
sk.kottman.androlua.R$drawable
sk.kottman.androlua.R$id
sk.kottman.androlua.R$layout
sk.kottman.androlua.R$string
...
org.keplerproject.luajava.CPtr:
    65:65:protected long getPeer()
org.keplerproject.luajava.JavaFunction:
    public abstract int execute()
    70:70:public org.keplerproject.luajava.LuaObject getParam(int)
org.keplerproject.luajava.LuaException:
    private static final long serialVersionUID
    51:53:public LuaException(java.lang.Exception)
org.keplerproject.luajava.LuaInvocationHandler
org.keplerproject.luajava.LuaJavaAPI
org.keplerproject.luajava.LuaObject
org.keplerproject.luajava.LuaState:
    private static final java.lang.String LUAJAVA_LIB
    org.keplerproject.luajava.LuaState$ReDoCallBack mCallBack
    118:122:protected LuaState(org.keplerproject.luajava.CPtr)
    128:131:public synchronized void close()
    134:153:public varargs void call(java.lang.String,int,java.lang.Object[])
    159:159:public synchronized boolean isClosed()
    168:168:public long getCPtrPeer()
    private synchronized native void _close(org.keplerproject.luajava.CPtr)
    private synchronized native org.keplerproject.luajava.CPtr _newthread(org.keplerproject.luajava.CPtr)
    private synchronized native int _getTop(org.keplerproject.luajava.CPtr)
    private synchronized native void _pushValue(org.keplerproject.luajava.CPtr,int)
    private synchronized native void _replace(org.keplerproject.luajava.CPtr,int)
    private synchronized native int _checkStack(org.keplerproject.luajava.CPtr,int)
    private synchronized native void _xmove(org.keplerproject.luajava.CPtr,org.keplerproject.luajava.CPtr,int)
    private synchronized native int _isNumber(org.keplerproject.luajava.CPtr,int)
    private synchronized native int _isString(org.keplerproject.luajava.CPtr,int)
    private synchronized native int _isCFunction(org.keplerproject.luajava.CPtr,int)
    private synchronized native int _isUserdata(org.keplerproject.luajava.CPtr,int)
    private synchronized native int _type(org.keplerproject.luajava.CPtr,int)
org.keplerproject.luajava.LuaState$ReDoCallBack
org.keplerproject.luajava.LuaStateFactory:
    private static org.keplerproject.luajava.LuaStateFactory$ReDoCallBack mCallBack
    private static org.keplerproject.luajava.LuaStateFactory$ContinueCallBack mContinueCallBack
    55:56:private LuaStateFactory()
    79:110:public static synchronized void invokeLua(org.keplerproject.luajava.LuaStateFactory$Callback,boolean)
    119:182:public static synchronized void invokeLua(java.lang.String,org.keplerproject.luajava.LuaStateFactory$Callback,boolean)
    185:186:public static void init(org.keplerproject.luajava.LuaStateFactory$ReDoCallBack)
    197:198:public static void setmContinueCallBack(org.keplerproject.luajava.LuaStateFactory$ContinueCallBack)
    211:211:public static synchronized org.keplerproject.luajava.LuaState getExistingState(int)
    223:236:public static synchronized int insertLuaState(org.keplerproject.luajava.LuaState)
    245:246:public static synchronized void removeLuaState(int)
    46:46:static synthetic int access$000()
    46:46:static synthetic java.util.List access$100()
    46:46:static synthetic org.keplerproject.luajava.LuaStateFactory$ReDoCallBack access$200()
org.keplerproject.luajava.LuaStateFactory$1
org.keplerproject.luajava.LuaStateFactory$2
org.keplerproject.luajava.LuaStateFactory$3
org.keplerproject.luajava.LuaStateFactory$3$1
org.keplerproject.luajava.LuaStateFactory$Callback
org.keplerproject.luajava.LuaStateFactory$ContinueCallBack
org.keplerproject.luajava.LuaStateFactory$ReDoCallBack